125,000   8   125,000
333,333   3   229,167
200,000   5   219,444
250,000   4   227,083
250,000   4   231,667
500,000   2   276,389
333,333   3   284,524
500,000   2   311,458
500,000   2   332,407
1000,000   1   399,167
500,000   2   408,333
1000,000   1   457,639
333,333   3   448,077
500,000   2   451,786
500,000   2   455,000
333,333   3   447,396
1000,000   1   479,902
500,000   2   481,019
500,000   2   482,018
1000,000   1   507,917
500,000   2   507,540
1000,000   1   529,924
1000,000   1   550,362
500,000   2   548,264
333,333   3   539,667
500,000   2   538,141
1000,000   1   555,247
1000,000   1   571,131
500,000   2   568,678
1000,000   1   583,056
500,000   2   580,376
333,333   3   572,656
500,000   2   570,455
1000,000   1   583,088
500,000   2   580,714
500,000   2   578,472
1000,000   1   589,865
1000,000   1   600,658
1000,000   1   610,897
1000,000   1   620,625
500,000   2   617,683
1000,000   1   626,786
1000,000   1   635,465
1000,000   1   643,750
500,000   2   640,556
500,000   2   637,500
1000,000   1   645,213
500,000   2   642,187
1000,000   1   649,490
1000,000   1   656,500
333,333   3   650,163
500,000   2   647,276
1000,000   1   653,931
500,000   2   651,080
500,000   2   648,333
500,000   2   645,685
1000,000   1   651,901
1000,000   1   657,902
1000,000   1   663,701
1000,000   1   669,306
1000,000   1   674,727
1000,000   1   679,973
1000,000   1   685,053
500,000   2   682,161
1000,000   1   687,051
1000,000   1   691,793
500,000   2   688,930
1000,000   1   693,505
1000,000   1   697,947
1000,000   1   702,262
1000,000   1   706,455
500,000   2   703,588
1000,000   1   707,648
500,000   2   704,842
1000,000   1   708,778
500,000   2   706,031
500,000   2   703,355
1000,000   1   707,158
500,000   2   704,536
500,000   2   701,979
500,000   2   699,486
1000,000   1   703,150
500,000   2   700,703
1000,000   1   704,266
500,000   2   701,863
1000,000   1   705,329
500,000   2   702,969
500,000   2   700,663
1000,000   1   704,026
500,000   2   701,759
500,000   2   699,542
500,000   2   697,373
1000,000   1   700,627
1000,000   1   703,812
500,000   2   701,667
500,000   2   699,566
1000,000   1   702,663
1000,000   1   705,697
1000,000   1   708,670
1000,000   1   711,583
1000,000   1   714,439
1000,000   1   717,239
500,000   2   715,129
500,000   2   713,061
1000,000   1   715,794
1000,000   1   718,475
1000,000   1   721,106
500,000   2   719,059
1000,000   1   721,636
500,000   2   719,621
500,000   2   717,643
Infinity   0   Infinity
500,000   2   Infinity
500,000   2   Infinity
500,000   2   Infinity
1000,000   1   Infinity
1000,000   1   Infinity
1000,000   1   Infinity
1000,000   1   Infinity
500,000   2   Infinity
1000,000   1   Infinity
333,333   3   Infinity
1000,000   1   Infinity
1000,000   1   Infinity
500,000   2   Infinity
1000,000   1   Infinity
1000,000   1   Infinity
1000,000   1   Infinity
500,000   2   Infinity
500,000   2   Infinity
500,000   2   Infinity
500,000   2   Infinity
500,000   2   Infinity
1000,000   1   Infinity
1000,000   1   Infinity
500,000   2   Infinity
500,000   2   Infinity
500,000   2   Infinity
500,000   2   Infinity
1000,000   1   Infinity
333,333   3   Infinity
500,000   2   Infinity
500,000   2   Infinity
1000,000   1   Infinity
500,000   2   Infinity
1000,000   1   Infinity
500,000   2   Infinity
1000,000   1   Infinity
500,000   2   Infinity
500,000   2   Infinity
500,000   2   Infinity
500,000   2   Infinity
500,000   2   Infinity
500,000   2   Infinity
333,333   3   Infinity
500,000   2   Infinity
333,333   3   Infinity
1000,000   1   Infinity
500,000   2   Infinity
500,000   2   Infinity
500,000   2   Infinity
500,000   2   Infinity
1000,000   1   Infinity
500,000   2   Infinity
500,000   2   Infinity
500,000   2   Infinity
1000,000   1   Infinity
1000,000   1   Infinity
333,333   3   Infinity
500,000   2   Infinity
500,000   2   Infinity
500,000   2   Infinity
500,000   2   Infinity
500,000   2   Infinity
1000,000   1   Infinity
500,000   2   Infinity
500,000   2   Infinity
500,000   2   Infinity
500,000   2   Infinity
1000,000   1   Infinity
500,000   2   Infinity
500,000   2   Infinity
500,000   2   Infinity
500,000   2   Infinity
500,000   2   Infinity
500,000   2   Infinity
333,333   3   Infinity
500,000   2   Infinity
500,000   2   Infinity
500,000   2   Infinity
500,000   2   Infinity
500,000   2   Infinity
1000,000   1   Infinity
500,000   2   Infinity
500,000   2   Infinity
500,000   2   Infinity
500,000   2   Infinity
500,000   2   Infinity
500,000   2   Infinity
500,000   2   Infinity
500,000   2   Infinity
500,000   2   Infinity
500,000   2   Infinity
1000,000   1   Infinity
500,000   2   Infinity
500,000   2   Infinity
500,000   2   Infinity
